0 info it worked if it ends with ok
1 verbose cli [ '/Users/matthewcalvert/.nvm/versions/node/v5.10.0/bin/node',
1 verbose cli   '/Users/matthewcalvert/.nvm/versions/node/v5.10.0/bin/npm',
1 verbose cli   'start' ]
2 info using npm@3.8.3
3 info using node@v5.10.0
4 verbose run-script [ 'prestart', 'start', 'poststart' ]
5 info lifecycle office-addin-taskpane@0.0.1~prestart: office-addin-taskpane@0.0.1
6 silly lifecycle office-addin-taskpane@0.0.1~prestart: no script for prestart, continuing
7 info lifecycle office-addin-taskpane@0.0.1~start: office-addin-taskpane@0.0.1
8 verbose lifecycle office-addin-taskpane@0.0.1~start: unsafe-perm in lifecycle true
9 verbose lifecycle office-addin-taskpane@0.0.1~start: PATH: /Users/matthewcalvert/.nvm/versions/node/v5.10.0/lib/node_modules/npm/bin/node-gyp-bin:/Users/matthewcalvert/Scripts/Prepress-Art-Queue-Priority/Prepress Art Queue/node_modules/.bin:/Users/matthewcalvert/.nvm/versions/node/v5.10.0/bin:/Users/matthewcalvert/.nvm/versions/node/v5.10.0/bin:/Library/Frameworks/Python.framework/Versions/3.9/bin:/usr/local/bin:/usr/bin:/bin:/usr/sbin:/sbin:/Library/Apple/usr/bin:/Library/Frameworks/Python.framework/Versions/3.9/bin
10 verbose lifecycle office-addin-taskpane@0.0.1~start: CWD: /Users/matthewcalvert/Scripts/Prepress-Art-Queue-Priority/Prepress Art Queue
11 silly lifecycle office-addin-taskpane@0.0.1~start: Args: [ '-c', 'office-addin-debugging start manifest.xml' ]
12 silly lifecycle office-addin-taskpane@0.0.1~start: Returned: code: 1  signal: null
13 info lifecycle office-addin-taskpane@0.0.1~start: Failed to exec start script
14 verbose stack Error: office-addin-taskpane@0.0.1 start: `office-addin-debugging start manifest.xml`
14 verbose stack Exit status 1
14 verbose stack     at EventEmitter.<anonymous> (/Users/matthewcalvert/.nvm/versions/node/v5.10.0/lib/node_modules/npm/lib/utils/lifecycle.js:239:16)
14 verbose stack     at emitTwo (events.js:100:13)
14 verbose stack     at EventEmitter.emit (events.js:185:7)
14 verbose stack     at ChildProcess.<anonymous> (/Users/matthewcalvert/.nvm/versions/node/v5.10.0/lib/node_modules/npm/lib/utils/spawn.js:24:14)
14 verbose stack     at emitTwo (events.js:100:13)
14 verbose stack     at ChildProcess.emit (events.js:185:7)
14 verbose stack     at maybeClose (internal/child_process.js:850:16)
14 verbose stack     at Process.ChildProcess._handle.onexit (internal/child_process.js:215:5)
15 verbose pkgid office-addin-taskpane@0.0.1
16 verbose cwd /Users/matthewcalvert/Scripts/Prepress-Art-Queue-Priority/Prepress Art Queue
17 error Darwin 21.1.0
18 error argv "/Users/matthewcalvert/.nvm/versions/node/v5.10.0/bin/node" "/Users/matthewcalvert/.nvm/versions/node/v5.10.0/bin/npm" "start"
19 error node v5.10.0
20 error npm  v3.8.3
21 error code ELIFECYCLE
22 error office-addin-taskpane@0.0.1 start: `office-addin-debugging start manifest.xml`
22 error Exit status 1
23 error Failed at the office-addin-taskpane@0.0.1 start script 'office-addin-debugging start manifest.xml'.
23 error Make sure you have the latest version of node.js and npm installed.
23 error If you do, this is most likely a problem with the office-addin-taskpane package,
23 error not with npm itself.
23 error Tell the author that this fails on your system:
23 error     office-addin-debugging start manifest.xml
23 error You can get information on how to open an issue for this project with:
23 error     npm bugs office-addin-taskpane
23 error Or if that isn't available, you can get their info via:
23 error     npm owner ls office-addin-taskpane
23 error There is likely additional logging output above.
24 verbose exit [ 1, true ]
